<?xml version="1.0" encoding="UTF-8"?>
<testsuite xmlns:xsi="http://www.w3.org/2001/XMLSchema-instance" xsi:noNamespaceSchemaLocation="https://maven.apache.org/surefire/maven-surefire-plugin/xsd/surefire-test-report-3.0.xsd" version="3.0" name="TestSuite" time="24.616" tests="6" errors="0" skipped="0" failures="3">
  <properties>
[...]
</properties>
  <testcase name="runScenario[&quot;submit Booking form with all fields blank&quot;, &quot;Booking Functionality&quot;](1)" classname="runner.CucumberTestRunner" time="16.337">
    <system-out><![CDATA[
@BookingPage
Scenario: submit Booking form with all fields blank     # src/test/resources/features/Booking.feature:9
DEBUG StatusConsoleListener Apache Log4j Core 2.20 initializing configuration XmlConfiguration[location=C:\Users\DELL\eclipse-workspace\EventManagementAutomation\target\test-classes\log4j2.xml]
DEBUG StatusConsoleListener PluginManager 'Core' found 130 plugins
DEBUG StatusConsoleListener PluginManager 'Level' found 0 plugins
DEBUG StatusConsoleListener PluginManager 'Lookup' found 16 plugins
DEBUG StatusConsoleListener Building Plugin[name=layout, class=org.apache.logging.log4j.core.layout.PatternLayout].
DEBUG StatusConsoleListener PluginManager 'TypeConverter' found 26 plugins
DEBUG StatusConsoleListener PatternLayout$Builder(pattern="%d{yyyy-MM-dd HH:mm:ss} %-5p %c{1}:%L - %m%n", PatternSelector=null, Configuration(C:\Users\DELL\eclipse-workspace\EventManagementAutomation\target\test-classes\log4j2.xml), Replace=null, charset="null", alwaysWriteExceptions="null", disableAnsi="null", noConsoleNoAnsi="null", header="null", footer="null")
DEBUG StatusConsoleListener PluginManager 'Converter' found 45 plugins
DEBUG StatusConsoleListener Building Plugin[name=appender, class=org.apache.logging.log4j.core.appender.ConsoleAppender].
DEBUG StatusConsoleListener ConsoleAppender$Builder(target="SYSTEM_OUT", follow="null", direct="null", bufferedIo="null", bufferSize="null", immediateFlush="null", ignoreExceptions="null", PatternLayout(%d{yyyy-MM-dd HH:mm:ss} %-5p %c{1}:%L - %m%n), name="Console", Configuration(C:\Users\DELL\eclipse-workspace\EventManagementAutomation\target\test-classes\log4j2.xml), Filter=null, ={})
DEBUG StatusConsoleListener Starting OutputStreamManager SYSTEM_OUT.false.false
DEBUG StatusConsoleListener Building Plugin[name=layout, class=org.apache.logging.log4j.core.layout.PatternLayout].
DEBUG StatusConsoleListener PatternLayout$Builder(pattern="%d{yyyy-MM-dd HH:mm:ss} %-5p %c{1}:%L - %m%n", PatternSelector=null, Configuration(C:\Users\DELL\eclipse-workspace\EventManagementAutomation\target\test-classes\log4j2.xml), Replace=null, charset="null", alwaysWriteExceptions="null", disableAnsi="null", noConsoleNoAnsi="null", header="null", footer="null")
DEBUG StatusConsoleListener Building Plugin[name=appender, class=org.apache.logging.log4j.core.appender.FileAppender].
DEBUG StatusConsoleListener FileAppender$Builder(fileName="automation_log.log", append="true", locking="null", advertise="null", advertiseUri="null", createOnDemand="null", filePermissions="null", fileOwner="null", fileGroup="null", bufferedIo="null", bufferSize="null", immediateFlush="null", ignoreExceptions="null", PatternLayout(%d{yyyy-MM-dd HH:mm:ss} %-5p %c{1}:%L - %m%n), name="FileLogger", Configuration(C:\Users\DELL\eclipse-workspace\EventManagementAutomation\target\test-classes\log4j2.xml), Filter=null, ={})
DEBUG StatusConsoleListener Starting FileManager automation_log.log
DEBUG StatusConsoleListener Building Plugin[name=appenders, class=org.apache.logging.log4j.core.config.AppendersPlugin].
DEBUG StatusConsoleListener createAppenders(={Console, FileLogger})
DEBUG StatusConsoleListener Building Plugin[name=AppenderRef, class=org.apache.logging.log4j.core.config.AppenderRef].
DEBUG StatusConsoleListener createAppenderRef(ref="Console", level="null", Filter=null)
DEBUG StatusConsoleListener Building Plugin[name=AppenderRef, class=org.apache.logging.log4j.core.config.AppenderRef].
DEBUG StatusConsoleListener createAppenderRef(ref="FileLogger", level="null", Filter=null)
DEBUG StatusConsoleListener Building Plugin[name=root, class=org.apache.logging.log4j.core.config.LoggerConfig$RootLogger].
DEBUG StatusConsoleListener LoggerConfig$RootLogger$Builder(additivity="null", level="INFO", levelAndRefs="null", includeLocation="null", ={Console, FileLogger}, ={}, Configuration(C:\Users\DELL\eclipse-workspace\EventManagementAutomation\target\test-classes\log4j2.xml), Filter=null)
DEBUG StatusConsoleListener Building Plugin[name=loggers, class=org.apache.logging.log4j.core.config.LoggersPlugin].
DEBUG StatusConsoleListener createLoggers(={root})
DEBUG StatusConsoleListener Configuration XmlConfiguration[location=C:\Users\DELL\eclipse-workspace\EventManagementAutomation\target\test-classes\log4j2.xml] initialized
DEBUG StatusConsoleListener Starting configuration XmlConfiguration[location=C:\Users\DELL\eclipse-workspace\EventManagementAutomation\target\test-classes\log4j2.xml]
DEBUG StatusConsoleListener Started configuration XmlConfiguration[location=C:\Users\DELL\eclipse-workspace\EventManagementAutomation\target\test-classes\log4j2.xml] OK.
DEBUG StatusConsoleListener Shutting down OutputStreamManager SYSTEM_OUT.false.false-1
DEBUG StatusConsoleListener OutputStream closed
DEBUG StatusConsoleListener Shut down OutputStreamManager SYSTEM_OUT.false.false-1, all resources released: true
DEBUG StatusConsoleListener Appender DefaultConsole-1 stopped with status true
DEBUG StatusConsoleListener Stopped org.apache.logging.log4j.core.config.DefaultConfiguration@432034a OK
DEBUG StatusConsoleListener Registering MBean org.apache.logging.log4j2:type=70dea4e
DEBUG StatusConsoleListener Registering MBean org.apache.logging.log4j2:type=70dea4e,component=StatusLogger
DEBUG StatusConsoleListener Registering MBean org.apache.logging.log4j2:type=70dea4e,component=ContextSelector
DEBUG StatusConsoleListener Registering MBean org.apache.logging.log4j2:type=70dea4e,component=Loggers,name=
DEBUG StatusConsoleListener Registering MBean org.apache.logging.log4j2:type=70dea4e,component=Appenders,name=Console
DEBUG StatusConsoleListener Registering MBean org.apache.logging.log4j2:type=70dea4e,component=Appenders,name=FileLogger
DEBUG StatusConsoleListener org.apache.logging.log4j.core.util.SystemClock supports precise timestamps.
DEBUG StatusConsoleListener Reconfiguration complete for context[name=70dea4e] at URI C:\Users\DELL\eclipse-workspace\EventManagementAutomation\target\test-classes\log4j2.xml (org.apache.logging.log4j.core.LoggerContext@27a97e08) with optional ClassLoader: null
DEBUG StatusConsoleListener Shutdown hook enabled. Registering a new one.
DEBUG StatusConsoleListener LoggerContext[name=70dea4e, org.apache.logging.log4j.core.LoggerContext@27a97e08] started OK.
2025-07-30 18:36:59 INFO  BookingSteps:29 - Current Working Directory: C:\Users\DELL\eclipse-workspace\EventManagementAutomation
2025-07-30 18:36:59 INFO  BookingSteps:30 - Starting Chrome Browser....
  Given start the chrome browser                        # stepdefinitions.BookingSteps.start_the_chrome_browser()
2025-07-30 18:37:12 INFO  BookingSteps:39 - Navigating to Booking Page....
  And navigate to Booking page                          # stepdefinitions.BookingSteps.navigate_to_booking_page()
2025-07-30 18:37:13 INFO  BookingSteps:57 - Entered all fields blank....
  When enter all fields blank                           # stepdefinitions.BookingSteps.enter_all_fields_blank()
2025-07-30 18:37:13 INFO  BookingSteps:65 - Click book now button
  And click on book now button                          # stepdefinitions.BookingSteps.click_on_book_now_button()
2025-07-30 18:37:13 INFO  BookingSteps:97 - Error message displayed below all fields....
  Then it should display error message below all fields # stepdefinitions.BookingSteps.it_should_display_error_message_below_all_fields()
]]></system-out>
    <system-err><![CDATA[SLF4J: Failed to load class "org.slf4j.impl.StaticLoggerBinder".
SLF4J: Defaulting to no-operation (NOP) logger implementation
SLF4J: See http://www.slf4j.org/codes.html#StaticLoggerBinder for further details.
Jul 30, 2025 6:36:59 PM org.openqa.selenium.devtools.CdpVersionFinder findNearestMatch
WARNING: Unable to find CDP implementation matching 138
Jul 30, 2025 6:36:59 PM org.openqa.selenium.chromium.ChromiumDriver lambda$new$5
WARNING: Unable to find version of CDP to use for 138.0.7204.170. You may need to include a dependency on a specific version of the CDP using something similar to `org.seleniumhq.selenium:selenium-devtools-v86:4.17.0` where the version ("v86") matches the version of the chromium-based browser you're using and the version number of the artifact is the same as Selenium's.
]]></system-err>
  </testcase>
  <testcase name="runScenario[&quot;Enter invalid email in Email ID field&quot;, &quot;Booking Functionality&quot;](2)" classname="runner.CucumberTestRunner" time="1.778">
    <failure message="Expected error message for invalid email in bookingPage, but none was displayed. expected [false] but found [true]" type="java.lang.AssertionError"><![CDATA[java.lang.AssertionError: Expected error message for invalid email in bookingPage, but none was displayed. expected [false] but found [true]
	at org.testng.Assert.fail(Assert.java:111)
	at org.testng.Assert.failNotEquals(Assert.java:1578)
	at org.testng.Assert.assertFalse(Assert.java:79)
	at stepdefinitions.BookingSteps.should_display_invalid_email_error_message(BookingSteps.java:125)
	at ✽.should display invalid email error message(file:///C:/Users/DELL/eclipse-workspace/EventManagementAutomation/src/test/resources/features/Booking.feature:17)
]]></failure>
    <system-out><![CDATA[
@BookingPage
Scenario: Enter invalid email in Email ID field            # src/test/resources/features/Booking.feature:14
2025-07-30 18:37:13 INFO  BookingSteps:29 - Current Working Directory: C:\Users\DELL\eclipse-workspace\EventManagementAutomation
2025-07-30 18:37:13 INFO  BookingSteps:30 - Starting Chrome Browser....
  Given start the chrome browser                           # stepdefinitions.BookingSteps.start_the_chrome_browser()
2025-07-30 18:37:13 INFO  BookingSteps:39 - Navigating to Booking Page....
  And navigate to Booking page                             # stepdefinitions.BookingSteps.navigate_to_booking_page()
2025-07-30 18:37:15 INFO  BookingSteps:118 - Entered valid details in all fields with invalid email....
  When enter valid details in all fields and invalid email # stepdefinitions.BookingSteps.enter_valid_details_in_all_fields_and_invalid_email()
2025-07-30 18:37:15 INFO  BookingSteps:65 - Click book now button
  And click on book now button                             # stepdefinitions.BookingSteps.click_on_book_now_button()
2025-07-30 18:37:15 ERROR BookingSteps:124 - No error message displayed for invalid email....
  Then should display invalid email error message          # stepdefinitions.BookingSteps.should_display_invalid_email_error_message()
      java.lang.AssertionError: Expected error message for invalid email in bookingPage, but none was displayed. expected [false] but found [true]
	at org.testng.Assert.fail(Assert.java:111)
	at org.testng.Assert.failNotEquals(Assert.java:1578)
	at org.testng.Assert.assertFalse(Assert.java:79)
	at stepdefinitions.BookingSteps.should_display_invalid_email_error_message(BookingSteps.java:125)
	at ✽.should display invalid email error message(file:///C:/Users/DELL/eclipse-workspace/EventManagementAutomation/src/test/resources/features/Booking.feature:17)

]]></system-out>
  </testcase>
  <testcase name="runScenario[&quot;Enter non numeric phone number&quot;, &quot;Booking Functionality&quot;](3)" classname="runner.CucumberTestRunner" time="1.424">
    <failure message="Expected error message for non-numeric phone no, but none was displayed. expected [false] but found [true]" type="java.lang.AssertionError"><![CDATA[java.lang.AssertionError: Expected error message for non-numeric phone no, but none was displayed. expected [false] but found [true]
	at org.testng.Assert.fail(Assert.java:111)
	at org.testng.Assert.failNotEquals(Assert.java:1578)
	at org.testng.Assert.assertFalse(Assert.java:79)
	at stepdefinitions.BookingSteps.should_display_invalid_phoneno_error_message(BookingSteps.java:159)
	at ✽.should display invalid phoneno error message(file:///C:/Users/DELL/eclipse-workspace/EventManagementAutomation/src/test/resources/features/Booking.feature:22)
]]></failure>
    <system-out><![CDATA[
@BookingPage
Scenario: Enter non numeric phone number                              # src/test/resources/features/Booking.feature:19
2025-07-30 18:37:15 INFO  BookingSteps:29 - Current Working Directory: C:\Users\DELL\eclipse-workspace\EventManagementAutomation
2025-07-30 18:37:15 INFO  BookingSteps:30 - Starting Chrome Browser....
  Given start the chrome browser                                      # stepdefinitions.BookingSteps.start_the_chrome_browser()
2025-07-30 18:37:15 INFO  BookingSteps:39 - Navigating to Booking Page....
  And navigate to Booking page                                        # stepdefinitions.BookingSteps.navigate_to_booking_page()
2025-07-30 18:37:16 INFO  BookingSteps:152 - Entered valid details in all fields with non-numeric phoneno....
  When enter valid details in all fields and non numeric phone number # stepdefinitions.BookingSteps.enter_valid_details_in_all_fields_and_non_numeric_phone_number()
2025-07-30 18:37:16 INFO  BookingSteps:65 - Click book now button
  And click on book now button                                        # stepdefinitions.BookingSteps.click_on_book_now_button()
2025-07-30 18:37:16 ERROR BookingSteps:158 - No error message displayed for non-numeric phoneno....
  Then should display invalid phoneno error message                   # stepdefinitions.BookingSteps.should_display_invalid_phoneno_error_message()
      java.lang.AssertionError: Expected error message for non-numeric phone no, but none was displayed. expected [false] but found [true]
	at org.testng.Assert.fail(Assert.java:111)
	at org.testng.Assert.failNotEquals(Assert.java:1578)
	at org.testng.Assert.assertFalse(Assert.java:79)
	at stepdefinitions.BookingSteps.should_display_invalid_phoneno_error_message(BookingSteps.java:159)
	at ✽.should display invalid phoneno error message(file:///C:/Users/DELL/eclipse-workspace/EventManagementAutomation/src/test/resources/features/Booking.feature:22)

]]></system-out>
  </testcase>
  <testcase name="runScenario[&quot;Submit valid booking details&quot;, &quot;Booking Functionality&quot;](4)" classname="runner.CucumberTestRunner" time="1.615">
    <system-out><![CDATA[
@BookingPage
Scenario: Submit valid booking details # src/test/resources/features/Booking.feature:24
2025-07-30 18:37:16 INFO  BookingSteps:29 - Current Working Directory: C:\Users\DELL\eclipse-workspace\EventManagementAutomation
2025-07-30 18:37:16 INFO  BookingSteps:30 - Starting Chrome Browser....
  Given start the chrome browser       # stepdefinitions.BookingSteps.start_the_chrome_browser()
2025-07-30 18:37:16 INFO  BookingSteps:39 - Navigating to Booking Page....
  And navigate to Booking page         # stepdefinitions.BookingSteps.navigate_to_booking_page()
2025-07-30 18:37:18 INFO  BookingSteps:180 - Entered valid details in all fields....
  When enter all valid details to book # stepdefinitions.BookingSteps.enter_all_valid_details_to_book()
2025-07-30 18:37:18 INFO  BookingSteps:65 - Click book now button
  And click on book now button         # stepdefinitions.BookingSteps.click_on_book_now_button()
2025-07-30 18:37:18 INFO  BookingSteps:132 - Success message shown when valid details are entered....
  Then should display success message  # stepdefinitions.BookingSteps.should_display_success_message()
]]></system-out>
  </testcase>
  <testcase name="runScenario[&quot;Enter invalid email in Contact Us form&quot;, &quot;Contact Us Functionality&quot;](5)" classname="runner.CucumberTestRunner" time="0.733">
    <failure message="Expected error message for invalid email in contactUs, but none was displayed. expected [false] but found [true]" type="java.lang.AssertionError"><![CDATA[java.lang.AssertionError: Expected error message for invalid email in contactUs, but none was displayed. expected [false] but found [true]
	at org.testng.Assert.fail(Assert.java:111)
	at org.testng.Assert.failNotEquals(Assert.java:1578)
	at org.testng.Assert.assertFalse(Assert.java:79)
	at stepdefinitions.ContactUsSteps.it_should_display_invalid_email_error_message(ContactUsSteps.java:77)
	at ✽.it should display invalid email error message(file:///C:/Users/DELL/eclipse-workspace/EventManagementAutomation/src/test/resources/features/ContactUs.feature:12)
]]></failure>
    <system-out><![CDATA[
@ContactUsPage
Scenario: Enter invalid email in Contact Us form     # src/test/resources/features/ContactUs.feature:9
2025-07-30 18:37:18 INFO  ContactUsSteps:33 - Current Working Directory: C:\Users\DELL\eclipse-workspace\EventManagementAutomation
2025-07-30 18:37:18 INFO  ContactUsSteps:34 - Starting chrome browser....
  Given start chrome browser                         # stepdefinitions.ContactUsSteps.start_chrome_browser()
2025-07-30 18:37:18 INFO  ContactUsSteps:43 - Navigate to ContactUs page....
  And navigate to ContactUs page                     # stepdefinitions.ContactUsSteps.navigate_to_ContactUs_page()
2025-07-30 18:37:19 INFO  ContactUsSteps:56 - Enter all valid details and invalid email by reading Excel file....
  When enter all valid details and invalid email     # stepdefinitions.ContactUsSteps.enter_all_valid_details_and_invalid_email()
2025-07-30 18:37:19 INFO  ContactUsSteps:62 - Clicked on send message button....
  And click on send message button                   # stepdefinitions.ContactUsSteps.click_on_send_message_button()
2025-07-30 18:37:19 ERROR ContactUsSteps:76 - No error message displayed for invalid email....
  Then it should display invalid email error message # stepdefinitions.ContactUsSteps.it_should_display_invalid_email_error_message()
      java.lang.AssertionError: Expected error message for invalid email in contactUs, but none was displayed. expected [false] but found [true]
	at org.testng.Assert.fail(Assert.java:111)
	at org.testng.Assert.failNotEquals(Assert.java:1578)
	at org.testng.Assert.assertFalse(Assert.java:79)
	at stepdefinitions.ContactUsSteps.it_should_display_invalid_email_error_message(ContactUsSteps.java:77)
	at ✽.it should display invalid email error message(file:///C:/Users/DELL/eclipse-workspace/EventManagementAutomation/src/test/resources/features/ContactUs.feature:12)

]]></system-out>
  </testcase>
  <testcase name="runScenario[&quot;Submit valid Contact Us form&quot;, &quot;Contact Us Functionality&quot;](6)" classname="runner.CucumberTestRunner" time="0.64">
    <system-out><![CDATA[
@ContactUsPage
Scenario: Submit valid Contact Us form   # src/test/resources/features/ContactUs.feature:14
2025-07-30 18:37:19 INFO  ContactUsSteps:33 - Current Working Directory: C:\Users\DELL\eclipse-workspace\EventManagementAutomation
2025-07-30 18:37:19 INFO  ContactUsSteps:34 - Starting chrome browser....
  Given start chrome browser             # stepdefinitions.ContactUsSteps.start_chrome_browser()
2025-07-30 18:37:19 INFO  ContactUsSteps:43 - Navigate to ContactUs page....
  And navigate to ContactUs page         # stepdefinitions.ContactUsSteps.navigate_to_ContactUs_page()
2025-07-30 18:37:19 INFO  ContactUsSteps:95 - Entered all valid details....
  When enter all valid details           # stepdefinitions.ContactUsSteps.enter_all_valid_details()
2025-07-30 18:37:19 INFO  ContactUsSteps:62 - Clicked on send message button....
  And click on send message button       # stepdefinitions.ContactUsSteps.click_on_send_message_button()
2025-07-30 18:37:19 INFO  ContactUsSteps:70 - Success Message is displayed after 3 seconds....
  Then it should display success message # stepdefinitions.ContactUsSteps.it_should_display_success_message()
]]></system-out>
  </testcase>
</testsuite>